"../../../Engine/Content/Functions/Engine_MaterialFunctions01/Opacity/CameraDepthFade.uasset" 0
"../../../Engine/Content/EngineMaterials/T_Default_Material_Grid_M.uasset" 1
"../../../Engine/Content/EngineMaterials/T_Default_Material_Grid_N.uasset" 2
"../../../Engine/Content/EngineMaterials/DefaultMaterial.uasset" 3
"../../../Engine/Content/EngineMaterials/WorldGridMaterial.uasset" 4
"E:/GameJam2/GameJam2/Content/Geometry/Meshes/CubeMaterial.uasset" 5
"../../../Engine/Content/BasicShapes/Sphere.uasset" 6
"E:/GameJam2/GameJam2/Content/Asteroids/Sphere_DM.uasset" 7
"E:/GameJam2/GameJam2/Content/Asteroids/Destructable_Base_Asteroid.uasset" 8
"../../../Engine/Content/BasicShapes/BasicShapeMaterial.uasset" 9
"E:/GameJam2/GameJam2/Content/Asteroids/Base_Asteroid.uasset" 10
"E:/GameJam2/GameJam2/Content/Asteroids/Asteroid1.uasset" 11
"E:/GameJam2/GameJam2/Content/Asteroids/Textures/SpaceRocks_Set_LP_DefaultMaterial_BaseColor.uasset" 12
"E:/GameJam2/GameJam2/Content/Asteroids/Textures/SpaceRocks_Set_LP_DefaultMaterial_Emissive.uasset" 13
"E:/GameJam2/GameJam2/Content/Asteroids/Textures/SpaceRocks_Set_LP_DefaultMaterial_Normal.uasset" 14
"E:/GameJam2/GameJam2/Content/Asteroids/Textures/SpaceRocks_Set_LP_DefaultMaterial_OcclusionRoughnessMetallic.uasset" 15
"E:/GameJam2/GameJam2/Content/Asteroids/Meshes/Extract1Mat.uasset" 16
"E:/GameJam2/GameJam2/Content/Asteroids/DestructableMeshes/Crystal1_RockBase_DM.uasset" 17
"E:/GameJam2/GameJam2/Content/Asteroids/DestructableMeshes/Crystal2_RockBase_DM.uasset" 18
"E:/GameJam2/GameJam2/Content/Asteroids/Meshes/Crystal1_RockBase.uasset" 19
"E:/GameJam2/GameJam2/Content/Asteroids/Meshes/Crystal1_RockBase_Extract1.uasset" 20
"E:/GameJam2/GameJam2/Content/Asteroids/Meshes/Crystal1_RockBase_PM3D_Sphere3D2_1.uasset" 21
"E:/GameJam2/GameJam2/Content/Asteroids/Meshes/Crystal2_RockBase.uasset" 22
"E:/GameJam2/GameJam2/Content/Asteroids/Meshes/PM3D_Sphere3D2_1Mat.uasset" 23
"E:/GameJam2/GameJam2/Content/Asteroids/Meshes/PM3D_Sphere3D3_1Mat.uasset" 24
"E:/GameJam2/GameJam2/Content/Asteroids/Meshes/PM3D_Sphere3D4Mat.uasset" 25
"E:/GameJam2/GameJam2/Content/Asteroids/Meshes/Rock_2_1Mat.uasset" 26
"E:/GameJam2/GameJam2/Content/Asteroids/Meshes/Rock_3_1Mat.uasset" 27
"E:/GameJam2/GameJam2/Content/Asteroids/Meshes/Rock_4_1Mat.uasset" 28
"E:/GameJam2/GameJam2/Content/Asteroids/Meshes/Rock_5Mat.uasset" 29
"E:/GameJam2/GameJam2/Content/GameMode/CurrentGamemODE.uasset" 30
"../../../Engine/Content/EditorBlueprintResources/StandardMacros.uasset" 31
"E:/GameJam2/GameJam2/Content/Asteroids/Textures/IN_SpaceRocks_Set_LP_DefaultMaterial_BaseColor.uasset" 32
"E:/GameJam2/GameJam2/Content/Asteroids/Meshes/Extract1Mat_2.uasset" 33
"E:/GameJam2/GameJam2/Content/Asteroids/Meshes/Asteroid1.uasset" 34
"E:/GameJam2/GameJam2/Content/Asteroids/DestructableMeshes/Asteroid1_DM.uasset" 35
"E:/GameJam2/GameJam2/Content/Asteroids/Blueprints/DestructableAsteroid1_BP.uasset" 36
"E:/GameJam2/GameJam2/Content/Asteroids/Blueprints/Asteroid1_BP.uasset" 37
"E:/GameJam2/GameJam2/Content/Asteroids/Meshes/Asteroid2.uasset" 38
"E:/GameJam2/GameJam2/Content/Asteroids/DestructableMeshes/Asteroid2_DM.uasset" 39
"E:/GameJam2/GameJam2/Content/Asteroids/Blueprints/DestructableAsteroid2_BP.uasset" 40
"E:/GameJam2/GameJam2/Content/Asteroids/Blueprints/ASteroid2_BP.uasset" 41
"E:/GameJam2/GameJam2/Content/Asteroids/Meshes/Asteroid3.uasset" 42
"E:/GameJam2/GameJam2/Content/Asteroids/DestructableMeshes/Asteroid3_DM.uasset" 43
"E:/GameJam2/GameJam2/Content/Asteroids/Blueprints/DestructableASteroid3_BP.uasset" 44
"E:/GameJam2/GameJam2/Content/Asteroids/Blueprints/Asteroid3_BP.uasset" 45
"E:/GameJam2/GameJam2/Content/Asteroids/Meshes/Asteroid4.uasset" 46
"E:/GameJam2/GameJam2/Content/Asteroids/DestructableMeshes/Asteroid4_DM.uasset" 47
"E:/GameJam2/GameJam2/Content/Asteroids/Blueprints/DestructableASteroid4_BP.uasset" 48
"E:/GameJam2/GameJam2/Content/Asteroids/Blueprints/Asteroid4_BP.uasset" 49
"E:/GameJam2/GameJam2/Content/Asteroids/DestructableMeshes/Sphere_DM.uasset" 50
"E:/GameJam2/GameJam2/Content/Asteroids/Blueprints/Destructable_Base_Asteroid.uasset" 51
"E:/GameJam2/GameJam2/Content/Asteroids/Blueprints/Base_Asteroid.uasset" 52
"E:/GameJam2/GameJam2/Content/Asteroids/Meshes/AsteroidDonut.uasset" 53
"E:/GameJam2/GameJam2/Content/Asteroids/DestructableMeshes/AsteroidDonut_DM.uasset" 54
"E:/GameJam2/GameJam2/Content/Asteroids/Blueprints/DestructableDonutAsteroid_Bp.uasset" 55
"E:/GameJam2/GameJam2/Content/Asteroids/Blueprints/DonnutAsteroid_BP.uasset" 56
"E:/GameJam2/GameJam2/Content/ObsticalBPs/Satilites/DestructableSatilite_BP.uasset" 57
"E:/GameJam2/GameJam2/Content/ObsticalBPs/Turret/TrimSheet_LP_DefaultMaterial_BaseColor_1001.uasset" 58
"E:/GameJam2/GameJam2/Content/ObsticalBPs/Turret/TrimSheet_LP_DefaultMaterial_Emissive_1001.uasset" 59
"E:/GameJam2/GameJam2/Content/ObsticalBPs/Turret/TrimSheet_LP_DefaultMaterial_Normal_1001.uasset" 60
"E:/GameJam2/GameJam2/Content/ObsticalBPs/Turret/TrimSheet_LP_DefaultMaterial_OcclusionRoughnessMetallic_1001.uasset" 61
"E:/GameJam2/GameJam2/Content/ObsticalBPs/Turret/TrimSheet_Mat.uasset" 62
"E:/GameJam2/GameJam2/Content/ObsticalBPs/Turret/TrimSheet_Mat_Inst.uasset" 63
"E:/GameJam2/GameJam2/Content/Debris/Debris_Debris_8.uasset" 64
"E:/GameJam2/GameJam2/Content/VFX/Materials/M_BlendParticle_Bright.uasset" 65
"E:/GameJam2/GameJam2/Content/Debris/Debris_Debris_1.uasset" 66
"E:/GameJam2/GameJam2/Content/Debris/Debris_Debris_2.uasset" 67
"E:/GameJam2/GameJam2/Content/Debris/Debris_Debris_4.uasset" 68
"E:/GameJam2/GameJam2/Content/Debris/Debris_Debris_6.uasset" 69
"E:/GameJam2/GameJam2/Content/Debris/Debris_Screw.uasset" 70
"E:/GameJam2/GameJam2/Content/VFX/Particles/P_MinesExplosion.uasset" 71
"E:/GameJam2/GameJam2/Content/ObsticalBPs/Satilites/Satilite_BP.uasset" 72
"E:/GameJam2/GameJam2/Content/Space_Ship/Blueprint/Main2.uasset" 73
"E:/GameJam2/GameJam2/Content/VFX/Particles/P_Minigun.uasset" 74
"E:/GameJam2/GameJam2/Content/VFX/Particles/P_Minigun_Muzzle.uasset" 75
"E:/GameJam2/GameJam2/Content/Space_Ship/Projectiles/BulletV2.uasset" 76
"E:/GameJam2/GameJam2/Content/Geometry/Meshes/1M_Cube.uasset" 77
"E:/GameJam2/GameJam2/Content/VFX/Particles/P_Projectile.uasset" 78
"E:/GameJam2/GameJam2/Content/VFX/Particles/P_ProjectileExplosion.uasset" 79
"E:/GameJam2/GameJam2/Content/Space_Ship/Projectiles/Rocket.uasset" 80
"E:/GameJam2/GameJam2/Content/VFX/BP_ScreenShakeIdle.uasset" 81
"E:/GameJam2/GameJam2/Content/UI/Textures/Crosshair_Centre.uasset" 82
"E:/GameJam2/GameJam2/Content/UI/InnerCrosshair.uasset" 83
"E:/GameJam2/GameJam2/Content/UI/Textures/Crosshair.uasset" 84
"E:/GameJam2/GameJam2/Content/UI/OuterCrosshair.uasset" 85
"../../../Engine/Content/BasicShapes/Plane.uasset" 86
"E:/GameJam2/GameJam2/Content/Sound/NoBullets.uasset" 87
"E:/GameJam2/GameJam2/Content/Sound/NoMissiles.uasset" 88
"E:/GameJam2/GameJam2/Content/Sound/Attenuation.uasset" 89
"E:/GameJam2/GameJam2/Content/Sound/MinigunSound.uasset" 90
"E:/GameJam2/GameJam2/Content/Sound/SFX_Minigun.uasset" 91
"E:/GameJam2/GameJam2/Content/Sound/MissileSound.uasset" 92
"E:/GameJam2/GameJam2/Content/Sound/SFX_Missile.uasset" 93
"E:/GameJam2/GameJam2/Content/Space_Ship/Texture/EtiwingTextures/SpaceeShipAlbedo.uasset" 94
"E:/GameJam2/GameJam2/Content/Space_Ship/Texture/EtiwingTextures/SpaceeShipAORoughMetal.uasset" 95
"E:/GameJam2/GameJam2/Content/Space_Ship/Texture/EtiwingTextures/SpaceShipNormals.uasset" 96
"E:/GameJam2/GameJam2/Content/Space_Ship/Texture/EtiwingTextures/defaultMat.uasset" 97
"E:/GameJam2/GameJam2/Content/Space_Ship/Meshes/SpaceShipNew.uasset" 98
"E:/GameJam2/GameJam2/Content/UI/AnimatedUI/GlitchEffect/Sprites/frame_00_delay-0_03s_Sprite.uasset" 99
"E:/GameJam2/GameJam2/Content/UI/AnimatedUI/GlitchEffect/Sprites/frame_01_delay-0_03s_Sprite.uasset" 100
"E:/GameJam2/GameJam2/Content/UI/AnimatedUI/GlitchEffect/Sprites/frame_02_delay-0_03s_Sprite.uasset" 101
"E:/GameJam2/GameJam2/Content/UI/AnimatedUI/GlitchEffect/Sprites/frame_03_delay-0_03s_Sprite.uasset" 102
"E:/GameJam2/GameJam2/Content/UI/AnimatedUI/GlitchEffect/Sprites/frame_04_delay-0_03s_Sprite.uasset" 103
"E:/GameJam2/GameJam2/Content/UI/AnimatedUI/GlitchEffect/Sprites/frame_05_delay-0_03s_Sprite.uasset" 104
"E:/GameJam2/GameJam2/Content/UI/AnimatedUI/GlitchEffect/Sprites/frame_06_delay-0_03s_Sprite.uasset" 105
"E:/GameJam2/GameJam2/Content/UI/AnimatedUI/GlitchEffect/Sprites/frame_07_delay-0_03s_Sprite.uasset" 106
"E:/GameJam2/GameJam2/Content/UI/AnimatedUI/GlitchEffect/Sprites/frame_08_delay-0_03s_Sprite.uasset" 107
"E:/GameJam2/GameJam2/Content/UI/AnimatedUI/GlitchEffect/Sprites/frame_09_delay-0_03s_Sprite.uasset" 108
"E:/GameJam2/GameJam2/Content/UI/AnimatedUI/GlitchEffect/Sprites/frame_10_delay-0_03s_Sprite.uasset" 109
"E:/GameJam2/GameJam2/Content/UI/AnimatedUI/GlitchEffect/Sprites/frame_11_delay-0_03s_Sprite.uasset" 110
"E:/GameJam2/GameJam2/Content/UI/AnimatedUI/GlitchEffect/Sprites/frame_12_delay-0_03s_Sprite.uasset" 111
"E:/GameJam2/GameJam2/Content/UI/AnimatedUI/GlitchEffect/Sprites/frame_13_delay-0_03s_Sprite.uasset" 112
"E:/GameJam2/GameJam2/Content/UI/AnimatedUI/GlitchEffect/Sprites/frame_14_delay-0_03s_Sprite.uasset" 113
"E:/GameJam2/GameJam2/Content/UI/AnimatedUI/GlitchEffect/Sprites/frame_15_delay-0_03s_Sprite.uasset" 114
"E:/GameJam2/GameJam2/Content/UI/AnimatedUI/GlitchEffect/Sprites/frame_16_delay-0_03s_Sprite.uasset" 115
"E:/GameJam2/GameJam2/Content/UI/AnimatedUI/GlitchEffect/Sprites/frame_17_delay-0_03s_Sprite.uasset" 116
"E:/GameJam2/GameJam2/Content/UI/AnimatedUI/GlitchEffect/frame_00_delay-0.uasset" 117
"E:/GameJam2/GameJam2/Content/UI/Textures/CannonEmpty.uasset" 118
"E:/GameJam2/GameJam2/Content/UI/Textures/Checkpoint.uasset" 119
"E:/GameJam2/GameJam2/Content/UI/Textures/Controls.uasset" 120
"E:/GameJam2/GameJam2/Content/UI/Textures/DangerWarning.uasset" 121
"E:/GameJam2/GameJam2/Content/UI/Textures/HeatMeasure.uasset" 122
"E:/GameJam2/GameJam2/Content/UI/Textures/HeatMeasureFULL.uasset" 123
"E:/GameJam2/GameJam2/Content/UI/Textures/Hud_Border.uasset" 124
"E:/GameJam2/GameJam2/Content/UI/Textures/HyperSpeed.uasset" 125
"E:/GameJam2/GameJam2/Content/UI/Textures/Minimap.uasset" 126
"E:/GameJam2/GameJam2/Content/UI/Textures/No_Missle_Available.uasset" 127
"E:/GameJam2/GameJam2/Content/UI/Textures/OverheatWarning.uasset" 128
"E:/GameJam2/GameJam2/Content/UI/Textures/RocketEmpty.uasset" 129
"E:/GameJam2/GameJam2/Content/UI/Textures/RocketFull.uasset" 130
"E:/GameJam2/GameJam2/Content/UI/Textures/Speedometer.uasset" 131
"E:/GameJam2/GameJam2/Content/UI/Textures/Weapon_Overheat.uasset" 132
"E:/GameJam2/GameJam2/Content/UI/Textures/WeaponsTemporary.uasset" 133
"E:/GameJam2/GameJam2/Content/UI/Widgets/HUD.uasset" 134
"E:/GameJam2/GameJam2/Content/UI/PauseandVictory/ContinueButton.uasset" 135
"E:/GameJam2/GameJam2/Content/UI/PauseandVictory/PauseMenu.uasset" 136
"E:/GameJam2/GameJam2/Content/UI/PauseandVictory/QuitGameCenteredButton.uasset" 137
"E:/GameJam2/GameJam2/Content/UI/PauseandVictory/ReturnToMenuButton.uasset" 138
"E:/GameJam2/GameJam2/Content/UI/Textures/SelectionButton.uasset" 139
"E:/GameJam2/GameJam2/Content/UI/Widgets/PauseMenu.uasset" 140
"E:/GameJam2/GameJam2/Content/VFX/Particles/P_Afterburner.uasset" 141
"E:/GameJam2/GameJam2/Content/VFX/Materials/M_BlendParticle.uasset" 142
"E:/GameJam2/GameJam2/Content/VFX/Particles/P_ShipTrail.uasset" 143
"E:/GameJam2/GameJam2/Content/Space_Ship/Blueprint/FlyingPawn6.uasset" 144
"E:/GameJam2/GameJam2/Content/Space_Ship/Texture/ReiShipTextures/R-Wing_LP_Texturing_DefaultMaterial_BaseColor.uasset" 145
"E:/GameJam2/GameJam2/Content/Space_Ship/Texture/ReiShipTextures/R-Wing_LP_Texturing_DefaultMaterial_Normal.uasset" 146
"E:/GameJam2/GameJam2/Content/Space_Ship/Texture/ReiShipTextures/R-Wing_LP_Texturing_DefaultMaterial_OcclusionRoughnessMetallic.uasset" 147
"E:/GameJam2/GameJam2/Content/Space_Ship/Texture/ReiShipTextures/ReiShipMat.uasset" 148
"E:/GameJam2/GameJam2/Content/Sound/MusicShipCustomisation/RWingGameplayMusic.uasset" 149
"E:/GameJam2/GameJam2/Content/Space_Ship/Meshes/ReiShip.uasset" 150
"E:/GameJam2/GameJam2/Content/VFX/Particles/P_Rei_Trail.uasset" 151
"E:/GameJam2/GameJam2/Content/Space_Ship/Blueprint/AlltheJediWing.uasset" 152
"E:/GameJam2/GameJam2/Content/Sound/MusicShipCustomisation/EtWingGameplayMusic.uasset" 153
"E:/GameJam2/GameJam2/Content/Space_Ship/Blueprint/Eti-Wing.uasset" 154
"E:/GameJam2/GameJam2/Content/Space_Ship/Texture/EtiShip/Ship_2BaseColor.uasset" 155
"E:/GameJam2/GameJam2/Content/Space_Ship/Texture/EtiShip/Ship_2Emissive.uasset" 156
"E:/GameJam2/GameJam2/Content/Space_Ship/Texture/EtiShip/Ship_2Metallic.uasset" 157
"E:/GameJam2/GameJam2/Content/Space_Ship/Texture/EtiShip/Ship_2Normal.uasset" 158
"E:/GameJam2/GameJam2/Content/Space_Ship/Texture/EtiShip/Ship_2Roughness.uasset" 159
"E:/GameJam2/GameJam2/Content/Space_Ship/Texture/EtiShip/EtiShipMat.uasset" 160
"E:/GameJam2/GameJam2/Content/Sound/MusicShipCustomisation/Ship2GameplayMusic.uasset" 161
"E:/GameJam2/GameJam2/Content/Space_Ship/Meshes/Ship_2.uasset" 162
"E:/GameJam2/GameJam2/Content/VFX/Particles/P_Eti_Trail.uasset" 163
"E:/GameJam2/GameJam2/Content/Space_Ship/Blueprint/EtiShip.uasset" 164
"E:/GameJam2/GameJam2/Content/Space_Ship/Texture/JoeShip/FinishedShip_BlueFalcon_BaseColor_1001.uasset" 165
"E:/GameJam2/GameJam2/Content/Space_Ship/Texture/JoeShip/FinishedShip_BlueFalcon_Normal_1001.uasset" 166
"E:/GameJam2/GameJam2/Content/Space_Ship/Texture/JoeShip/FinishedShip_BlueFalcon_OcclusionRoughnessMetallic_1001.uasset" 167
"E:/GameJam2/GameJam2/Content/Space_Ship/Texture/JoeShip/JoeShipMat.uasset" 168
"E:/GameJam2/GameJam2/Content/Sound/MusicShipCustomisation/JoeZeroShipGameplayMusic.uasset" 169
"E:/GameJam2/GameJam2/Content/Space_Ship/Meshes/FinishedShipFIX.uasset" 170
"E:/GameJam2/GameJam2/Content/VFX/Particles/P_Joe_Trail.uasset" 171
"E:/GameJam2/GameJam2/Content/Space_Ship/Blueprint/JoeShip.uasset" 172
"E:/GameJam2/GameJam2/Content/UI/CharacterSelectionScreen/CharacterSelectGameInstance.uasset" 173
"E:/GameJam2/GameJam2/Content/Space_Ship/CenteredMeshes/EtiWingViewer.uasset" 174
"E:/GameJam2/GameJam2/Content/Space_Ship/CenteredMeshes/JoezeroViewer.uasset" 175
"E:/GameJam2/GameJam2/Content/Space_Ship/CenteredMeshes/RwingViewer.uasset" 176
"E:/GameJam2/GameJam2/Content/Space_Ship/CenteredMeshes/Ship2Viewer.uasset" 177
"E:/GameJam2/GameJam2/Content/UI/CharacterSelectionScreen/Blueprints/CharacterSelection.uasset" 178
"E:/GameJam2/GameJam2/Content/CharacterSelectionScreen/CharacterSelectionScreen/CharacterSelection.uasset" 179
"E:/GameJam2/GameJam2/Content/CharacterSelectionScreen/CharacterSelectionScreen/MainMenuSpawner.uasset" 180
"E:/GameJam2/GameJam2/Content/CharacterSelectionScreen/CharacterSelectionScreen/OptionsMenuSpawner.uasset" 181
"E:/GameJam2/GameJam2/Content/Debris/Debris_Bolt.uasset" 182
"E:/GameJam2/GameJam2/Content/Debris/Debris_Debris_10.uasset" 183
"E:/GameJam2/GameJam2/Content/Debris/Debris_Debris_13.uasset" 184
"E:/GameJam2/GameJam2/Content/Debris/Debris_Debris_14.uasset" 185
"E:/GameJam2/GameJam2/Content/Debris/Debris_Debris_3.uasset" 186
"E:/GameJam2/GameJam2/Content/Debris/Debris_Debris_7.uasset" 187
"E:/GameJam2/GameJam2/Content/Geometry/Meshes/1M_Cube_Chamfer.uasset" 188
"E:/GameJam2/GameJam2/Content/Geometry/Meshes/TemplateFloor.uasset" 189
"E:/GameJam2/GameJam2/Content/Instances/Asteroid_Belt_Instance_BP.uasset" 190
"E:/GameJam2/GameJam2/Content/Instances/Instance_Test_BP.uasset" 191
"E:/GameJam2/GameJam2/Content/ObsticalBPs/Satilites/Debris_Debris_8_DM.uasset" 192
"E:/GameJam2/GameJam2/Content/PlanetBlueprint/PlanetTextures/PlanetCloudsTexture.uasset" 193
"E:/GameJam2/GameJam2/Content/PlanetBlueprint/PlanetTextures/PlanetTexture1_Ceres.uasset" 194
"E:/GameJam2/GameJam2/Content/PlanetBlueprint/Green_Planet_Fade.uasset" 195
"E:/GameJam2/GameJam2/Content/PlanetBlueprint/Green_Planet_Fade_Inst1.uasset" 196
"E:/GameJam2/GameJam2/Content/Sound/MUSIC_Menu.uasset" 197
"E:/GameJam2/GameJam2/Content/Sound/MusicPlayer.uasset" 198
"E:/GameJam2/GameJam2/Content/Sound/MainMenuMusic.uasset" 199
"E:/GameJam2/GameJam2/Content/Sound/MineExplosion.uasset" 200
"E:/GameJam2/GameJam2/Content/Sound/MUSIC_GAMEPLAY1.uasset" 201
"E:/GameJam2/GameJam2/Content/Sound/Reverse.uasset" 202
"E:/GameJam2/GameJam2/Content/Sound/SFX_RocketBlaster1.uasset" 203
"E:/GameJam2/GameJam2/Content/Sound/SFX_RocketBlaster2.uasset" 204
"E:/GameJam2/GameJam2/Content/Space_Ship/Main2.uasset" 205
"E:/GameJam2/GameJam2/Content/Space_Ship/SpaceShipLow_Material_001_BaseColor_1001.uasset" 206
"E:/GameJam2/GameJam2/Content/Space_Ship/SpaceShipLow_Material_001_Normal_1001.uasset" 207
"E:/GameJam2/GameJam2/Content/Space_Ship/SpaceShipLow_Material_001_OcclusionRoughnessMetallic_1001.uasset" 208
"E:/GameJam2/GameJam2/Content/Space_Ship/CenteredMeshes/TetrisViewer.uasset" 209
"E:/GameJam2/GameJam2/Content/Space_Ship/Meshes/SpaceShipLow.uasset" 210
"E:/GameJam2/GameJam2/Content/Space_Ship/Projectiles/Bullet.uasset" 211
"E:/GameJam2/GameJam2/Content/Space_Ship/Texture/Immagechecker.uasset" 212
"E:/GameJam2/GameJam2/Content/StarterContent/Materials/M_Basic_Wall.uasset" 213
"E:/GameJam2/GameJam2/Content/StarterContent/Architecture/Pillar_50x500.uasset" 214
"E:/GameJam2/GameJam2/Content/StarterContent/Architecture/Wall_400x300.uasset" 215
"E:/GameJam2/GameJam2/Content/StarterContent/Architecture/Wall_400x400.uasset" 216
"E:/GameJam2/GameJam2/Content/StarterContent/Architecture/Wall_500x500.uasset" 217
"E:/GameJam2/GameJam2/Content/StarterContent/Architecture/Wall_Door_400x400.uasset" 218
"E:/GameJam2/GameJam2/Content/StarterContent/Architecture/Wall_Window_400x400.uasset" 219
"E:/GameJam2/GameJam2/Content/StarterContent/Audio/Collapse01.uasset" 220
"E:/GameJam2/GameJam2/Content/StarterContent/Audio/Collapse02.uasset" 221
"E:/GameJam2/GameJam2/Content/StarterContent/Audio/Explosion01.uasset" 222
"E:/GameJam2/GameJam2/Content/StarterContent/Audio/Explosion02.uasset" 223
"E:/GameJam2/GameJam2/Content/StarterContent/Audio/Fire01.uasset" 224
"E:/GameJam2/GameJam2/Content/StarterContent/Audio/Fire_Sparks01.uasset" 225
"E:/GameJam2/GameJam2/Content/StarterContent/Audio/Light01.uasset" 226
"E:/GameJam2/GameJam2/Content/StarterContent/Audio/Light01_Cue.uasset" 227
"E:/GameJam2/GameJam2/Content/StarterContent/Audio/Light02.uasset" 228
"E:/GameJam2/GameJam2/Content/StarterContent/Audio/Light02_Cue.uasset" 229
"E:/GameJam2/GameJam2/Content/StarterContent/Audio/Smoke01.uasset" 230
"E:/GameJam2/GameJam2/Content/StarterContent/Audio/Starter_Birds01.uasset" 231
"E:/GameJam2/GameJam2/Content/StarterContent/Audio/Starter_Music01.uasset" 232
"E:/GameJam2/GameJam2/Content/StarterContent/Audio/Starter_Wind05.uasset" 233
"E:/GameJam2/GameJam2/Content/StarterContent/Audio/Starter_Wind06.uasset" 234
"E:/GameJam2/GameJam2/Content/StarterContent/Audio/Steam01.uasset" 235
"E:/GameJam2/GameJam2/Content/StarterContent/Audio/Explosion_Cue.uasset" 236
"E:/GameJam2/GameJam2/Content/StarterContent/Textures/T_Burst_M.uasset" 237
"E:/GameJam2/GameJam2/Content/StarterContent/Particles/Materials/M_Burst.uasset" 238
"E:/GameJam2/GameJam2/Content/StarterContent/Textures/T_Explosion_SubUV.uasset" 239
"E:/GameJam2/GameJam2/Content/StarterContent/Particles/Materials/M_explosion_subUV.uasset" 240
"E:/GameJam2/GameJam2/Content/StarterContent/Particles/Materials/m_flare_01.uasset" 241
"../../../Engine/Content/Functions/Engine_MaterialFunctions01/Gradient/RadialGradient.uasset" 242
"E:/GameJam2/GameJam2/Content/StarterContent/Particles/Materials/M_radial_ramp.uasset" 243
"E:/GameJam2/GameJam2/Content/StarterContent/Textures/T_Smoke_SubUV.uasset" 244
"E:/GameJam2/GameJam2/Content/StarterContent/Textures/T_Smoke_Tiled_D.uasset" 245
"E:/GameJam2/GameJam2/Content/StarterContent/Particles/Materials/M_smoke_subUV.uasset" 246
"E:/GameJam2/GameJam2/Content/StarterContent/Particles/P_Explosion.uasset" 247
"E:/GameJam2/GameJam2/Content/StarterContent/Blueprints/Blueprint_Effect_Explosion.uasset" 248
"../../../Engine/Content/EditorMeshes/ColorCalibrator/T_ColorGrid.uasset" 249
"E:/GameJam2/GameJam2/Content/StarterContent/Materials/M_ColorGrid_LowSpec.uasset" 250
"E:/GameJam2/GameJam2/Content/StarterContent/Textures/T_Bush_D.uasset" 251
"E:/GameJam2/GameJam2/Content/StarterContent/Textures/T_Bush_N.uasset" 252
"E:/GameJam2/GameJam2/Content/StarterContent/Props/Materials/M_Bush.uasset" 253
"E:/GameJam2/GameJam2/Content/StarterContent/Props/SM_Bush.uasset" 254
"E:/GameJam2/GameJam2/Content/StarterContent/Textures/T_Chair_M.uasset" 255
"E:/GameJam2/GameJam2/Content/StarterContent/Textures/T_Chair_N.uasset" 256
"E:/GameJam2/GameJam2/Content/StarterContent/Props/Materials/M_Chair.uasset" 257
"E:/GameJam2/GameJam2/Content/StarterContent/Props/SM_Couch.uasset" 258
"E:/GameJam2/GameJam2/Content/StarterContent/Materials/M_Glass.uasset" 259
"E:/GameJam2/GameJam2/Content/StarterContent/Textures/T_Door_M.uasset" 260
"E:/GameJam2/GameJam2/Content/StarterContent/Textures/T_Door_N.uasset" 261
"E:/GameJam2/GameJam2/Content/StarterContent/Props/Materials/M_Door.uasset" 262
"E:/GameJam2/GameJam2/Content/StarterContent/Props/SM_Door.uasset" 263
"E:/GameJam2/GameJam2/Content/StarterContent/Props/Materials/M_MaterialSphere.uasset" 264
"E:/GameJam2/GameJam2/Content/StarterContent/Props/Materials/M_MaterialSphere_Plain.uasset" 265
"E:/GameJam2/GameJam2/Content/StarterContent/Props/SM_MatPreviewMesh_02.uasset" 266
"../../../Engine/Content/Functions/Engine_MaterialFunctions02/Utility/BlendAngleCorrectedNormals.uasset" 267
"E:/GameJam2/GameJam2/Content/StarterContent/Textures/T_Detail_Rocky_N.uasset" 268
"E:/GameJam2/GameJam2/Content/StarterContent/Textures/T_Rock_Basalt_D.uasset" 269
"E:/GameJam2/GameJam2/Content/StarterContent/Textures/T_RockMesh_M.uasset" 270
"E:/GameJam2/GameJam2/Content/StarterContent/Textures/T_RockMesh_N.uasset" 271
"E:/GameJam2/GameJam2/Content/StarterContent/Props/Materials/M_Rock.uasset" 272
"E:/GameJam2/GameJam2/Content/StarterContent/Props/SM_Rock.uasset" 273
"E:/GameJam2/GameJam2/Content/StarterContent/Textures/T_Shelf_M.uasset" 274
"E:/GameJam2/GameJam2/Content/StarterContent/Textures/T_Shelf_N.uasset" 275
"E:/GameJam2/GameJam2/Content/StarterContent/Props/Materials/M_Shelf.uasset" 276
"E:/GameJam2/GameJam2/Content/StarterContent/Props/SM_Shelf.uasset" 277
"E:/GameJam2/GameJam2/Content/StarterContent/Materials/M_Basic_Floor.uasset" 278
"E:/GameJam2/GameJam2/Content/StarterContent/Props/SM_Stairs.uasset" 279
"E:/GameJam2/GameJam2/Content/StarterContent/Shapes/Shape_Cone.uasset" 280
"E:/GameJam2/GameJam2/Content/StarterContent/Shapes/Shape_Cylinder.uasset" 281
"E:/GameJam2/GameJam2/Content/StarterContent/Shapes/Shape_NarrowCapsule.uasset" 282
"E:/GameJam2/GameJam2/Content/StarterContent/Shapes/Shape_Pipe.uasset" 283
"E:/GameJam2/GameJam2/Content/StarterContent/Shapes/Shape_Pipe_180.uasset" 284
"E:/GameJam2/GameJam2/Content/StarterContent/Shapes/Shape_Pipe_90.uasset" 285
"E:/GameJam2/GameJam2/Content/StarterContent/Shapes/Shape_Plane.uasset" 286
"E:/GameJam2/GameJam2/Content/StarterContent/Shapes/Shape_Torus.uasset" 287
"E:/GameJam2/GameJam2/Content/StarterContent/Shapes/Shape_Trim.uasset" 288
"E:/GameJam2/GameJam2/Content/StarterContent/Shapes/Shape_Trim_90_In.uasset" 289
"E:/GameJam2/GameJam2/Content/StarterContent/Shapes/Shape_Trim_90_Out.uasset" 290
"E:/GameJam2/GameJam2/Content/StarterContent/Shapes/Shape_TriPyramid.uasset" 291
"E:/GameJam2/GameJam2/Content/StarterContent/Shapes/Shape_Tube.uasset" 292
"E:/GameJam2/GameJam2/Content/StarterContent/Shapes/Shape_Wedge_A.uasset" 293
"E:/GameJam2/GameJam2/Content/StarterContent/Shapes/Shape_Wedge_B.uasset" 294
"E:/GameJam2/GameJam2/Content/StarterContent/Shapes/Shape_WideCapsule.uasset" 295
"E:/GameJam2/GameJam2/Content/UI/TargetSystem.uasset" 296
"E:/GameJam2/GameJam2/Content/UI/AnimatedUI/GlitchEffect/Textures/frame_00_delay-0_03s.uasset" 297
"E:/GameJam2/GameJam2/Content/UI/AnimatedUI/GlitchEffect/Textures/frame_01_delay-0_03s.uasset" 298
"E:/GameJam2/GameJam2/Content/UI/AnimatedUI/GlitchEffect/Textures/frame_02_delay-0_03s.uasset" 299
"E:/GameJam2/GameJam2/Content/UI/AnimatedUI/GlitchEffect/Textures/frame_03_delay-0_03s.uasset" 300
"E:/GameJam2/GameJam2/Content/UI/AnimatedUI/GlitchEffect/Textures/frame_04_delay-0_03s.uasset" 301
"E:/GameJam2/GameJam2/Content/UI/AnimatedUI/GlitchEffect/Textures/frame_05_delay-0_03s.uasset" 302
"E:/GameJam2/GameJam2/Content/UI/AnimatedUI/GlitchEffect/Textures/frame_06_delay-0_03s.uasset" 303
"E:/GameJam2/GameJam2/Content/UI/AnimatedUI/GlitchEffect/Textures/frame_07_delay-0_03s.uasset" 304
"E:/GameJam2/GameJam2/Content/UI/AnimatedUI/GlitchEffect/Textures/frame_08_delay-0_03s.uasset" 305
"E:/GameJam2/GameJam2/Content/UI/AnimatedUI/GlitchEffect/Textures/frame_09_delay-0_03s.uasset" 306
"E:/GameJam2/GameJam2/Content/UI/AnimatedUI/GlitchEffect/Textures/frame_10_delay-0_03s.uasset" 307
"E:/GameJam2/GameJam2/Content/UI/AnimatedUI/GlitchEffect/Textures/frame_11_delay-0_03s.uasset" 308
"E:/GameJam2/GameJam2/Content/UI/AnimatedUI/GlitchEffect/Textures/frame_12_delay-0_03s.uasset" 309
"E:/GameJam2/GameJam2/Content/UI/AnimatedUI/GlitchEffect/Textures/frame_13_delay-0_03s.uasset" 310
"E:/GameJam2/GameJam2/Content/UI/AnimatedUI/GlitchEffect/Textures/frame_14_delay-0_03s.uasset" 311
"E:/GameJam2/GameJam2/Content/UI/AnimatedUI/GlitchEffect/Textures/frame_15_delay-0_03s.uasset" 312
"E:/GameJam2/GameJam2/Content/UI/AnimatedUI/GlitchEffect/Textures/frame_16_delay-0_03s.uasset" 313
"E:/GameJam2/GameJam2/Content/UI/AnimatedUI/GlitchEffect/Textures/frame_17_delay-0_03s.uasset" 314
"E:/GameJam2/GameJam2/Content/UI/CharacterSelectionScreen/Blueprints/MusicSelectionPlayer.uasset" 315
"E:/GameJam2/GameJam2/Content/UI/CharacterSelectionScreen/Textures/MusicShuffleButton.uasset" 316
"E:/GameJam2/GameJam2/Content/UI/Textures/Old.uasset" 317
"E:/GameJam2/GameJam2/Content/UI/Textures/Options_Button.uasset" 318
"E:/GameJam2/GameJam2/Content/UI/Textures/Quit_Button.uasset" 319
"E:/GameJam2/GameJam2/Content/UI/Textures/SelectionBox.uasset" 320
"E:/GameJam2/GameJam2/Content/UI/Textures/SpeedometerFULL.uasset" 321
"E:/GameJam2/GameJam2/Content/UI/Textures/Start_Button.uasset" 322
"E:/GameJam2/GameJam2/Content/UI/Textures/Title.uasset" 323
"E:/GameJam2/GameJam2/Content/UI/Textures/WeaponTemporary.uasset" 324
"E:/GameJam2/GameJam2/Content/VFX/BP_Minigun.uasset" 325
"E:/GameJam2/GameJam2/Content/VFX/BP_ScreenShakeProjectile.uasset" 326
"E:/GameJam2/GameJam2/Content/VFX/BP_Projectile.uasset" 327
"../../../Engine/Content/Functions/Engine_MaterialFunctions02/ExampleContent/Textures/LowResBlurredNoise.uasset" 328
"E:/GameJam2/GameJam2/Content/VFX/Materials/M_FlickeringAfterburner.uasset" 329
"E:/GameJam2/GameJam2/Content/VFX/Materials/M_TemporaryShip.uasset" 330
"E:/GameJam2/GameJam2/Content/VFX/Particles/P_SpaceDust.uasset" 331
"E:/GameJam2/GameJam2/Content/VFX/Particles/P_Tetris_Trail.uasset" 332
"E:/GameJam2/GameJam2/Content/VFX/Postprocess/CurvedHUD.uasset" 333
"E:/GameJam2/GameJam2/Content/VFX/Postprocess/CurvedHUD_Inst.uasset" 334
"../../../Engine/Content/Animation/DefaultAnimCurveCompressionSettings.uasset" 335
"../../../Engine/Content/ArtTools/RenderToTexture/Meshes/S_1_Unit_Plane.uasset" 336
"../../../Engine/Content/BasicShapes/Cone.uasset" 337
"../../../Engine/Content/BasicShapes/Cylinder.uasset" 338
"../../../Engine/Content/EditorLandscapeResources/DataLayer.uasset" 339
"../../../Engine/Content/EditorMaterials/MAT_Groups_Toggle.uasset" 340
"../../../Engine/Content/EditorMaterials/MAT_Groups_Visibility.uasset" 341
"../../../Engine/Content/EditorMaterials/PreviewShadowIndicator.uasset" 342
"../../../Engine/Content/EditorMaterials/PreviewShadowIndicatorMaterial.uasset" 343
"../../../Engine/Content/EditorMaterials/MatineeGroups/MAT_ColorTrack.uasset" 344
"../../../Engine/Content/EditorMaterials/MatineeGroups/MAT_Groups_Anim.uasset" 345
"../../../Engine/Content/EditorMaterials/MatineeGroups/MAT_Groups_AudioMaster.uasset" 346
"../../../Engine/Content/EditorMaterials/MatineeGroups/MAT_Groups_Director.uasset" 347
"../../../Engine/Content/EditorMaterials/MatineeGroups/MAT_Groups_Event.uasset" 348
"../../../Engine/Content/EditorMaterials/MatineeGroups/MAT_Groups_Fade.uasset" 349
"../../../Engine/Content/EditorMaterials/MatineeGroups/MAT_Groups_Float.uasset" 350
"../../../Engine/Content/EditorMaterials/MatineeGroups/MAT_Groups_Move.uasset" 351
"../../../Engine/Content/EditorMaterials/MatineeGroups/MAT_Groups_Slomo.uasset" 352
"../../../Engine/Content/EditorMaterials/MatineeGroups/MAT_Groups_Sound.uasset" 353
"../../../Engine/Content/EditorMaterials/MatineeGroups/MAT_Groups_Vector.uasset" 354
"../../../Engine/Content/EditorMaterials/ParticleSystems/PSysThumbnail_NoImage.uasset" 355
"../../../Engine/Content/EditorMaterials/ParticleSystems/PSysThumbnail_OOD.uasset" 356
"../../../Engine/Content/EditorMaterials/Camera/CineMat.uasset" 357
"../../../Engine/Content/EditorMaterials/Camera/MI_CineMat_Rig.uasset" 358
"../../../Engine/Content/EditorMeshes/Camera/SM_CraneRig_Arm.uasset" 359
"../../../Engine/Content/EditorMeshes/Camera/SM_CraneRig_Base.uasset" 360
"../../../Engine/Content/EditorMeshes/Camera/SM_CraneRig_Body.uasset" 361
"../../../Engine/Content/EditorMeshes/Camera/SM_CraneRig_Mount.uasset" 362
"../../../Engine/Content/EditorMeshes/Camera/SM_RailRig_Mount.uasset" 363
"../../../Engine/Content/EditorMeshes/Camera/SM_RailRig_Track.uasset" 364
"../../../Engine/Content/EditorResources/BSPVertex.uasset" 365
"../../../Engine/Content/EditorResources/EmptyActor.uasset" 366
"../../../Engine/Content/EditorResources/S_Actor.uasset" 367
"../../../Engine/Content/EditorResources/S_Note.uasset" 368
"../../../Engine/Content/EditorResources/S_Solver.uasset" 369
"../../../Engine/Content/EditorResources/S_Trigger.uasset" 370
"../../../Engine/Content/EditorResources/AudioIcons/S_AudioComponent.uasset" 371
"../../../Engine/Content/EditorResources/AudioIcons/S_AudioComponent_AutoActivate.uasset" 372
"../../../Engine/Content/EditorResources/LightIcons/S_LightError.uasset" 373
"../../../Engine/Content/EditorResources/SequenceRecorder/Countdown.uasset" 374
"../../../Engine/Content/EditorResources/SequenceRecorder/RecordingIndicator.uasset" 375
"../../../Engine/Content/EditorSounds/Notifications/CompileFailed.uasset" 376
"../../../Engine/Content/EditorSounds/Notifications/CompileFailed_Cue.uasset" 377
"../../../Engine/Content/EditorSounds/Notifications/CompileSuccess.uasset" 378
"../../../Engine/Content/EditorSounds/Notifications/CompileStart_Cue.uasset" 379
"../../../Engine/Content/EditorSounds/Notifications/CompileSuccess_Cue.uasset" 380
"../../../Engine/Content/EngineDamageTypes/DmgTypeBP_Environmental.uasset" 381
"../../../Engine/Content/EngineDebugMaterials/DebugEditorMaterial.uasset" 382
"../../../Engine/Content/EngineDebugMaterials/DebugMeshMaterial.uasset" 383
"../../../Engine/Content/EngineDebugMaterials/M_SimpleUnlitTranslucent.uasset" 384
"../../../Engine/Content/Functions/Engine_MaterialFunctions02/Utility/CameraDirectionVector.uasset" 385
"../../../Engine/Content/EngineDebugMaterials/VolumeToRender.uasset" 386
"../../../Engine/Content/EngineDebugMaterials/M_VolumeRenderSphereTracePP.uasset" 387
"../../../Engine/Content/EngineDebugMaterials/WireframeMaterial.uasset" 388
"../../../Engine/Content/EngineFonts/Faces/DroidSansFallback.uasset" 389
"../../../Engine/Content/EngineFonts/Faces/RobotoBold.uasset" 390
"../../../Engine/Content/EngineFonts/Faces/RobotoBoldItalic.uasset" 391
"../../../Engine/Content/EngineFonts/Faces/RobotoItalic.uasset" 392
"../../../Engine/Content/EngineFonts/Faces/RobotoLight.uasset" 393
"../../../Engine/Content/EngineFonts/Faces/RobotoRegular.uasset" 394
"../../../Engine/Content/EngineFonts/Roboto.uasset" 395
"../../../Engine/Content/EngineMaterials/BaseFlattenDiffuseMap.uasset" 396
"../../../Engine/Content/EngineMaterials/BaseFlattenEmissiveMap.uasset" 397
"../../../Engine/Content/EngineMaterials/BaseFlattenGrayscaleMap.uasset" 398
"../../../Engine/Content/EngineMaterials/BaseFlattenNormalMap.uasset" 399
"../../../Engine/Content/EngineMaterials/BaseFlattenMaterial.uasset" 400
"../../../Engine/Content/EngineMaterials/BlueNoise.uasset" 401
"../../../Engine/Content/EngineMaterials/DefaultBloomKernel.uasset" 402
"../../../Engine/Content/EngineMaterials/DefaultBokeh.uasset" 403
"../../../Engine/Content/EngineMaterials/DefaultDiffuse.uasset" 404
"../../../Engine/Content/EngineMaterials/DefaultDeferredDecalMaterial.uasset" 405
"../../../Engine/Content/EngineMaterials/DefaultLightFunctionMaterial.uasset" 406
"../../../Engine/Content/EngineMaterials/DefaultPhysicalMaterial.uasset" 407
"../../../Engine/Content/Functions/Engine_MaterialFunctions02/Utility/BreakOutFloat2Components.uasset" 408
"../../../Engine/Content/EngineMaterials/DefaultPostProcessMaterial.uasset" 409
"../../../Engine/Content/EngineFonts/RobotoDistanceField.uasset" 410
"../../../Engine/Content/EngineMaterials/DefaultTextMaterialOpaque.uasset" 411
"../../../Engine/Content/EngineMaterials/DefaultWhiteGrid.uasset" 412
"../../../Engine/Content/EngineMaterials/DefaultWhiteGrid_Low.uasset" 413
"../../../Engine/Content/EngineMaterials/EmissiveMeshMaterial.uasset" 414
"../../../Engine/Content/EngineMaterials/GizmoMaterial.uasset" 415
"../../../Engine/Content/EngineMaterials/Good64x64TilingNoiseHighFreq.uasset" 416
"../../../Engine/Content/EngineMaterials/MiniFont.uasset" 417
"../../../Engine/Content/EngineMaterials/InvalidLightmapSettings.uasset" 418
"../../../Engine/Content/EngineMaterials/M_InvalidLightmapSettings.uasset" 419
"../../../Engine/Content/Functions/Engine_MaterialFunctions02/WorldPositionOffset/CameraOffset.uasset" 420
"../../../Engine/Content/EngineMaterials/PhAT_JointLimitMaterial.uasset" 421
"../../../Engine/Content/EngineMaterials/PreintegratedSkinBRDF.uasset" 422
"../../../Engine/Content/EngineMaterials/RemoveSurfaceMaterial.uasset" 423
"../../../Engine/Content/EngineMaterials/WeightMapPlaceholderTexture.uasset" 424
"../../../Engine/Content/EngineResources/WhiteSquareTexture.uasset" 425
"../../../Engine/Content/EngineMaterials/Widget3DPassThrough.uasset" 426
"../../../Engine/Content/EngineMaterials/Widget3DPassThrough_Masked.uasset" 427
"../../../Engine/Content/EngineMaterials/Widget3DPassThrough_Opaque.uasset" 428
"../../../Engine/Content/EngineMaterials/Widget3DPassThrough_Masked_OneSided.uasset" 429
"../../../Engine/Content/EngineMaterials/Widget3DPassThrough_Opaque_OneSided.uasset" 430
"../../../Engine/Content/EngineMaterials/Widget3DPassThrough_Translucent.uasset" 431
"../../../Engine/Content/EngineMaterials/Widget3DPassThrough_Translucent_OneSided.uasset" 432
"../../../Engine/Content/EngineMeshes/Cylinder.uasset" 433
"../../../Engine/Content/EngineMeshes/Sphere.uasset" 434
"../../../Engine/Content/EngineResources/Black.uasset" 435
"../../../Engine/Content/EngineResources/DefaultTexture.uasset" 436
"../../../Engine/Content/EngineResources/DefaultTextureCube.uasset" 437
"../../../Engine/Content/EngineResources/DefaultVolumeTexture2D.uasset" 438
"../../../Engine/Content/EngineResources/DefaultVolumeTexture.uasset" 439
"../../../Engine/Content/EngineResources/GradientTexture0.uasset" 440
"../../../Engine/Content/EngineSounds/Master.uasset" 441
"../../../Engine/Content/Functions/Engine_MaterialFunctions01/Shading/ConvertFromDiffSpec.uasset" 442
"../../../Engine/Content/Functions/Engine_MaterialFunctions01/Shading/PowerToRoughness.uasset" 443
"../../../Engine/Content/Maps/Templates/Thumbnails/Default.uasset" 444
"../../../Engine/Content/Maps/Templates/Thumbnails/TimeOfDay.uasset" 445
"../../../Engine/Content/Maps/Templates/Thumbnails/VR-Basic.uasset" 446
"../../../Engine/Content/MobileResources/T_MobileControls_texture.uasset" 447
"../../../Engine/Content/MobileResources/T_MobileMenu2.uasset" 448
"../../../Engine/Content/MobileResources/HUD/AnalogHat.uasset" 449
"../../../Engine/Content/MobileResources/HUD/VirtualJoystick_Background.uasset" 450
"../../../Engine/Content/MobileResources/HUD/VirtualJoystick_Thumb.uasset" 451
"../../../Engine/Content/MobileResources/HUD/DefaultVirtualJoysticks.uasset" 452
"../../../Engine/Content/MobileResources/HUD/LeftVirtualJoystickOnly.uasset" 453
"../../../Engine/Content/MobileResources/HUD/MobileHUDButton1_off.uasset" 454
"../../../Engine/Content/MobileResources/HUD/MobileHUDButton1_on.uasset" 455
"../../../Engine/Content/MobileResources/HUD/MobileHUDButton2_off.uasset" 456
"../../../Engine/Content/MobileResources/HUD/MobileHUDButton2_on.uasset" 457
"../../../Engine/Content/MobileResources/HUD/MobileHUDButton3.uasset" 458
"../../../Engine/Content/MobileResources/HUD/MobileHUDButtonFire.uasset" 459
"../../../Engine/Content/MobileResources/HUD/MobileHUDDirectionPad.uasset" 460
"../../../Engine/Content/MobileResources/HUD/MobileHUDDirectionPad2.uasset" 461
"../../../Engine/Content/MobileResources/HUD/MobileHUDDirectionPad3.uasset" 462
"../../../Engine/Content/MobileResources/HUD/MobileHUDDirectionStick.uasset" 463
"../../../Engine/Content/MobileResources/HUD/T_Castle_ThumbstickInner.uasset" 464
"../../../Engine/Content/MobileResources/HUD/T_Castle_ThumbstickOutter.uasset" 465
"../../../Engine/Content/Tutorial/ContentIntroCurve.uasset" 466
"../../../Engine/Content/Tutorial/Basics/LevelEditorAttract.uasset" 467
"../../../Engine/Content/Tutorial/Installation/InstallingVisualStudioTutorial.uasset" 468
"../../../Engine/Content/Tutorial/SubEditors/GettingSubstance.uasset" 469
"../../../Engine/Content/VREditor/LaserPointer/VR_LaserPower_01.uasset" 470
"../../../Engine/Content/VREditor/TransformGizmo/TransformGizmoMaterial.uasset" 471
"../../../Engine/Content/VREditor/TransformGizmo/TranslucentTransformGizmoMaterial.uasset" 472
"../../../Engine/Content/VREditor/TransformGizmo/BoundingBoxCorner.uasset" 473
"../../../Engine/Content/VREditor/TransformGizmo/BoundingBoxEdge.uasset" 474
"../../../Engine/Content/VREditor/TransformGizmo/PlaneTranslationHandle.uasset" 475
"../../../Engine/Content/VREditor/TransformGizmo/Main.uasset" 476
"../../../Engine/Content/VREditor/TransformGizmo/Xray.uasset" 477
"../../../Engine/Content/VREditor/TransformGizmo/SM_Sequencer_Key.uasset" 478
"../../../Engine/Content/VREditor/TransformGizmo/SM_Sequencer_Node.uasset" 479
"../../Plugins/2D/Paper2D/Content/PlaceholderTextures/DummySpriteTexture.uasset" 480
"../../Plugins/2D/Paper2D/Content/DummySprite.uasset" 481
"../../Plugins/2D/Paper2D/Content/DefaultPaperTerrainMaterial.uasset" 482
"../../Plugins/2D/Paper2D/Content/DefaultSpriteMaterial.uasset" 483
"../../Plugins/2D/Paper2D/Content/MaskedUnlitSpriteMaterial.uasset" 484
"../../Plugins/2D/Paper2D/Content/OpaqueUnlitSpriteMaterial.uasset" 485
"../../Plugins/FX/Niagara/Content/Enums/ENiagaraBooleanLogicOps.uasset" 486
"../../Plugins/FX/Niagara/Content/Enums/ENiagaraCoordinateSpace.uasset" 487
"../../Plugins/FX/Niagara/Content/Enums/ENiagaraExpansionMode.uasset" 488
"../../Plugins/FX/Niagara/Content/Enums/ENiagaraOrientationAxis.uasset" 489
"../../Plugins/FX/Niagara/Content/Enums/ENiagaraRandomnessMode.uasset" 490
"../../../Engine/Content/Functions/Engine_MaterialFunctions02/Utility/BreakOutFloat4Components.uasset" 491
"../../../Engine/Content/Functions/Engine_MaterialFunctions02/Utility/MakeFloat2.uasset" 492
"../../../Engine/Content/Functions/Engine_MaterialFunctions02/Utility/MakeFloat3.uasset" 493
"../../Plugins/Runtime/Oculus/OculusVR/Content/Materials/OculusMR_ChromaKey.uasset" 494
"../../Plugins/Runtime/Oculus/OculusVR/Content/Materials/OculusMR_ChromaKey_Lit.uasset" 495
"../../Plugins/Runtime/Oculus/OculusVR/Content/Materials/OculusMR_OpaqueColoredMaterial.uasset" 496
"../../Plugins/Runtime/Oculus/OculusVR/Content/Materials/OculusMR_WhiteMaterial.uasset" 497
"E:/GameJam2/GameJam2/Content/Debris/Mine.uasset" 498
"E:/GameJam2/GameJam2/Content/Sound/BombBeep.uasset" 499
"E:/GameJam2/GameJam2/Content/Sound/SFX_Bomb.uasset" 500
"E:/GameJam2/GameJam2/Content/Sound/ExplosionLowPass.uasset" 501
"E:/GameJam2/GameJam2/Content/Sound/SFX_Mine.uasset" 502
"E:/GameJam2/GameJam2/Content/ObsticalBPs/Mines/SpaceMineBP.uasset" 503
"E:/GameJam2/GameJam2/Content/ObsticalBPs/SpaceMineBP.uasset" 504
"../../../Engine/Content/EngineSky/T_Sky_Blue.uasset" 505
"../../../Engine/Content/EngineSky/T_Sky_Clouds_M.uasset" 506
"../../../Engine/Content/EngineSky/T_Sky_Stars.uasset" 507
"../../../Engine/Content/EngineSky/M_Sky_Panning_Clouds2.uasset" 508
"../../../Engine/Content/EngineSky/SM_SkySphere.uasset" 509
"E:/GameJam2/GameJam2/Content/SpaceSkySphere/SpaceScapeSKy.uasset" 510
"E:/GameJam2/GameJam2/Content/Maps/FlyingExampleMap_BuiltData.uasset" 511
"E:/GameJam2/GameJam2/Content/PlanetBlueprint/PlanetTextures/PlanetTexture1_Neptune.uasset" 512
"E:/GameJam2/GameJam2/Content/PlanetBlueprint/Planet_Mat_Right.uasset" 513
"../../../Engine/Content/Functions/Engine_MaterialFunctions02/3PointLevels.uasset" 514
"E:/GameJam2/GameJam2/Content/SpaceSkySphere/SpaceSkyboxParams.uasset" 515
"E:/GameJam2/GameJam2/Content/SpaceSkySphere/Texture/HDR.uasset" 516
"E:/GameJam2/GameJam2/Content/SpaceSkySphere/SpaceMaterial.uasset" 517
"E:/GameJam2/GameJam2/Content/Maps/FlyingExampleMap.umap" 518
"E:/GameJam2/GameJam2/Content/ObsticalBPs/Turret/TurretBase.uasset" 519
"E:/GameJam2/GameJam2/Content/ObsticalBPs/Turret/TurretBase_DM.uasset" 520
"E:/GameJam2/GameJam2/Content/ObsticalBPs/Turret/TurretTop.uasset" 521
"E:/GameJam2/GameJam2/Content/ObsticalBPs/Turret/TurretTop_DM.uasset" 522
"E:/GameJam2/GameJam2/Content/ObsticalBPs/Turret/DestroyableTurret_BP.uasset" 523
"E:/GameJam2/GameJam2/Content/StarterContent/Shapes/Shape_Sphere.uasset" 524
"E:/GameJam2/GameJam2/Content/VFX/Particles/P_Enemy_Laser.uasset" 525
"E:/GameJam2/GameJam2/Content/ObsticalBPs/Turret/EnemyBullet.uasset" 526
"E:/GameJam2/GameJam2/Content/Sound/SFX_TurretBlaster.uasset" 527
"E:/GameJam2/GameJam2/Content/VFX/Particles/P_Enemy_Muzzle.uasset" 528
"E:/GameJam2/GameJam2/Content/ObsticalBPs/Turret/Turret.uasset" 529
"../../../Engine/Content/BasicShapes/Cube.uasset" 530
"E:/GameJam2/GameJam2/Content/UI/PauseandVictory/Victory_Screen.uasset" 531
"E:/GameJam2/GameJam2/Content/UI/Textures/Newtitle/DarkerBackground.uasset" 532
"E:/GameJam2/GameJam2/Content/UI/Widgets/EndGame.uasset" 533
"E:/GameJam2/GameJam2/Content/VFX/Particles/P_Hyperspace.uasset" 534
"E:/GameJam2/GameJam2/Content/SpeedBoostRing/FinishLine1.uasset" 535
"E:/GameJam2/GameJam2/Content/SpeedBoostRing/Arrows.uasset" 536
"E:/GameJam2/GameJam2/Content/SpeedBoostRing/Speed_boost.uasset" 537
"E:/GameJam2/GameJam2/Content/VFX/Particles/P_SonicBoom.uasset" 538
"E:/GameJam2/GameJam2/Content/SpeedBoostRing/SpeedBoostRing.uasset" 539
"E:/GameJam2/GameJam2/Content/Maps/VFX_Map1_BuiltData.uasset" 540
"E:/GameJam2/GameJam2/Content/PlanetBlueprint/PlanetTextures/PlanetTexture1_MakeMake.uasset" 541
"E:/GameJam2/GameJam2/Content/PlanetBlueprint/Blue_Planet.uasset" 542
"E:/GameJam2/GameJam2/Content/PlanetBlueprint/Green_Planet.uasset" 543
"E:/GameJam2/GameJam2/Content/PlanetBlueprint/Red_Planet.uasset" 544
"E:/GameJam2/GameJam2/Content/SpaceSkySphere/SpaceMaterial1.uasset" 545
"../../../Engine/Content/Functions/Engine_MaterialFunctions01/Density/ExponentialDensity.uasset" 546
"../../../Engine/Content/Functions/Engine_MaterialFunctions01/Gradient/RadialGradientExponential.uasset" 547
"../../../Engine/Content/Functions/Engine_MaterialFunctions01/Texturing/ScaleUVsByCenter.uasset" 548
"../../../Engine/Content/Functions/Engine_MaterialFunctions02/ScreenResolution.uasset" 549
"../../../Engine/Content/Functions/Engine_MaterialFunctions02/Texturing/ScreenAlignedUVs.uasset" 550
"E:/GameJam2/GameJam2/Content/VFX/Materials/M_RadialBlur.uasset" 551
"E:/GameJam2/GameJam2/Content/PlanetBlueprint/Blue_Planet_Fade.uasset" 552
"E:/GameJam2/GameJam2/Content/PlanetBlueprint/Blue_Planet_Fade_Inst.uasset" 553
"E:/GameJam2/GameJam2/Content/PlanetBlueprint/Green_Planet_Fade_Inst.uasset" 554
"E:/GameJam2/GameJam2/Content/PlanetBlueprint/Red_Planet_Fade.uasset" 555
"E:/GameJam2/GameJam2/Content/PlanetBlueprint/Red_Planet_Fade_Inst.uasset" 556
"E:/GameJam2/GameJam2/Content/VFX/Postprocess/PostProcessSharpem.uasset" 557
"E:/GameJam2/GameJam2/Content/VFX/Postprocess/PostProcessSharpem_Inst.uasset" 558
"E:/GameJam2/GameJam2/Content/Asteroids/Meshes/Crystal1.uasset" 559
"E:/GameJam2/GameJam2/Content/Asteroids/Meshes/Crystal2_PM3D_Sphere3D4.uasset" 560
"E:/GameJam2/GameJam2/Content/Asteroids/Meshes/Crystal2_RockBase_PM3D_Sphere3D4.uasset" 561
"E:/GameJam2/GameJam2/Content/Debris/Debris_Debris16.uasset" 562
"E:/GameJam2/GameJam2/Content/Debris/Debris_Debris_11.uasset" 563
"E:/GameJam2/GameJam2/Content/Debris/Debris_Debris_12.uasset" 564
"E:/GameJam2/GameJam2/Content/Debris/Debris_Debris_15.uasset" 565
"E:/GameJam2/GameJam2/Content/Debris/Debris_Debris_5.uasset" 566
"E:/GameJam2/GameJam2/Content/Debris/Debris_Debris_9.uasset" 567
"E:/GameJam2/GameJam2/Content/Sound/Reverb.uasset" 568
"E:/GameJam2/GameJam2/Content/Sound/AmbienceLoop.uasset" 569
"E:/GameJam2/GameJam2/Content/Sound/AmbienceLoop2.uasset" 570
"E:/GameJam2/GameJam2/Content/Sound/SFX_Ambience.uasset" 571
"E:/GameJam2/GameJam2/Content/Maps/VFX_Map1.umap" 572
"E:/GameJam2/GameJam2/Content/SpeedBoostRing/FinishLine.uasset" 573
"E:/GameJam2/GameJam2/Content/Maps/VFX_Map_BuiltData.uasset" 574
"E:/GameJam2/GameJam2/Content/PlanetBlueprint/PlanetTextures/PlanetTexture1_Mars.uasset" 575
"E:/GameJam2/GameJam2/Content/PlanetBlueprint/Planet_Mat.uasset" 576
"E:/GameJam2/GameJam2/Content/PlanetBlueprint/Mars.uasset" 577
"E:/GameJam2/GameJam2/Content/PlanetBlueprint/Neptune.uasset" 578
"E:/GameJam2/GameJam2/Content/PlanetBlueprint/Planet_MaterialInstance.uasset" 579
"E:/GameJam2/GameJam2/Content/PlanetBlueprint/PlanetTextures/PlanetTexture1_Venus.uasset" 580
"E:/GameJam2/GameJam2/Content/PlanetBlueprint/Venus.uasset" 581
"E:/GameJam2/GameJam2/Content/Maps/VFX_Map.umap" 582
"E:/GameJam2/GameJam2/Content/UI/Textures/Newtitle/TotheEdge.uasset" 583
"E:/GameJam2/GameJam2/Content/UI/Textures/OptionsButton.uasset" 584
"E:/GameJam2/GameJam2/Content/UI/Textures/QuitButton.uasset" 585
"E:/GameJam2/GameJam2/Content/UI/Textures/StartButton.uasset" 586
"E:/GameJam2/GameJam2/Content/UI/Widgets/MainMenu.uasset" 587
"E:/GameJam2/GameJam2/Content/UI/Widgets/MainMenuGameMode.uasset" 588
"E:/GameJam2/GameJam2/Content/Maps/MainMenu_BuiltData.uasset" 589
"E:/GameJam2/GameJam2/Content/Maps/MainMenu.umap" 590
"E:/GameJam2/GameJam2/Content/StarterContent/Blueprints/Assets/FogBrightnessLUT.uasset" 591
"E:/GameJam2/GameJam2/Content/StarterContent/Blueprints/Assets/SunlightColorLUT.uasset" 592
"E:/GameJam2/GameJam2/Content/StarterContent/Blueprints/Assets/M_LightStage_Arrows.uasset" 593
"../../../Engine/Content/MapTemplates/Sky/DaylightAmbientCubemap.uasset" 594
"E:/GameJam2/GameJam2/Content/StarterContent/Blueprints/Assets/M_LightStage_Skybox_Master.uasset" 595
"E:/GameJam2/GameJam2/Content/StarterContent/Blueprints/Assets/M_LightStage_Skybox_Black.uasset" 596
"E:/GameJam2/GameJam2/Content/StarterContent/Blueprints/Assets/M_LightStage_Skybox_HDRI.uasset" 597
"../../../Engine/Content/EditorMaterials/Thumbnails/SkySphereMaterial.uasset" 598
"E:/GameJam2/GameJam2/Content/StarterContent/Blueprints/Assets/Skybox.uasset" 599
"E:/GameJam2/GameJam2/Content/StarterContent/Blueprints/Assets/SM_Arrows.uasset" 600
"E:/GameJam2/GameJam2/Content/StarterContent/HDRI/HDRI_Epic_Courtyard_Daylight.uasset" 601
"E:/GameJam2/GameJam2/Content/StarterContent/Blueprints/BP_LightStudio.uasset" 602
"E:/GameJam2/GameJam2/Content/StarterContent/Maps/Advanced_Lighting_BuiltData.uasset" 603
"E:/GameJam2/GameJam2/Content/StarterContent/Materials/M_AssetPlatform.uasset" 604
"../../../Engine/Content/EditorMeshes/ColorCalibrator/M_ChromeBall.uasset" 605
"../../../Engine/Content/EditorMeshes/ColorCalibrator/M_ClearCoat.uasset" 606
"../../../Engine/Content/EditorMeshes/ColorCalibrator/M_ClearCoatBlack.uasset" 607
"../../../Engine/Content/EditorMeshes/ColorCalibrator/Color_checker.uasset" 608
"../../../Engine/Content/EditorMeshes/ColorCalibrator/M_ColorGrid.uasset" 609
"../../../Engine/Content/EditorMeshes/ColorCalibrator/M_GreyBall.uasset" 610
"../../../Engine/Content/EditorMeshes/ColorCalibrator/SM_ColorCalibrator.uasset" 611
"E:/GameJam2/GameJam2/Content/StarterContent/Architecture/SM_AssetPlatform.uasset" 612
"E:/GameJam2/GameJam2/Content/StarterContent/Maps/Advanced_Lighting.umap" 613
"../../../Engine/Content/EngineSky/C_Sky_Cloud_Color.uasset" 614
"../../../Engine/Content/EngineSky/C_Sky_Horizon_Color.uasset" 615
"../../../Engine/Content/EngineSky/C_Sky_Zenith_Color.uasset" 616
"../../../Engine/Content/EngineSky/BP_Sky_Sphere.uasset" 617
"E:/GameJam2/GameJam2/Content/StarterContent/Maps/Minimal_Default_BuiltData.uasset" 618
"E:/GameJam2/GameJam2/Content/StarterContent/Textures/T_MacroVariation.uasset" 619
"E:/GameJam2/GameJam2/Content/StarterContent/Materials/M_Metal_Brushed_Nickel.uasset" 620
"E:/GameJam2/GameJam2/Content/StarterContent/Textures/T_Metal_Aluminum_D.uasset" 621
"E:/GameJam2/GameJam2/Content/StarterContent/Textures/T_Metal_Gold_N.uasset" 622
"E:/GameJam2/GameJam2/Content/StarterContent/Materials/M_Metal_Burnished_Steel.uasset" 623
"E:/GameJam2/GameJam2/Content/StarterContent/Textures/T_Metal_Copper_D.uasset" 624
"E:/GameJam2/GameJam2/Content/StarterContent/Materials/M_Metal_Copper.uasset" 625
"E:/GameJam2/GameJam2/Content/StarterContent/Textures/T_Statue_M.uasset" 626
"E:/GameJam2/GameJam2/Content/StarterContent/Textures/T_Statue_N.uasset" 627
"E:/GameJam2/GameJam2/Content/StarterContent/Props/Materials/M_StatueGlass.uasset" 628
"E:/GameJam2/GameJam2/Content/StarterContent/Architecture/Floor_400x400.uasset" 629
"E:/GameJam2/GameJam2/Content/StarterContent/Audio/Starter_Background_Cue.uasset" 630
"E:/GameJam2/GameJam2/Content/StarterContent/Props/SM_Chair.uasset" 631
"E:/GameJam2/GameJam2/Content/StarterContent/Props/Materials/M_Statue.uasset" 632
"E:/GameJam2/GameJam2/Content/StarterContent/Props/SM_Statue.uasset" 633
"E:/GameJam2/GameJam2/Content/StarterContent/Textures/T_TableRound_M.uasset" 634
"E:/GameJam2/GameJam2/Content/StarterContent/Textures/T_TableRound_N.uasset" 635
"E:/GameJam2/GameJam2/Content/StarterContent/Props/Materials/M_TableRound.uasset" 636
"E:/GameJam2/GameJam2/Content/StarterContent/Props/SM_TableRound.uasset" 637
"E:/GameJam2/GameJam2/Content/StarterContent/Maps/Minimal_Default.umap" 638
"E:/GameJam2/GameJam2/Content/StarterContent/Audio/Fire01_Cue.uasset" 639
"E:/GameJam2/GameJam2/Content/StarterContent/Textures/T_Fire_SubUV.uasset" 640
"E:/GameJam2/GameJam2/Content/StarterContent/Textures/T_Fire_Tiled_D.uasset" 641
"E:/GameJam2/GameJam2/Content/StarterContent/Particles/Materials/M_Fire_SubUV.uasset" 642
"E:/GameJam2/GameJam2/Content/StarterContent/Textures/T_Water_N.uasset" 643
"E:/GameJam2/GameJam2/Content/StarterContent/Particles/Materials/M_Heat_Distortion.uasset" 644
"E:/GameJam2/GameJam2/Content/StarterContent/Particles/Materials/M_Radial_Gradient.uasset" 645
"E:/GameJam2/GameJam2/Content/StarterContent/Particles/P_Fire.uasset" 646
"E:/GameJam2/GameJam2/Content/StarterContent/Blueprints/Blueprint_Effect_Fire.uasset" 647
"E:/GameJam2/GameJam2/Content/StarterContent/Audio/Smoke01_Cue.uasset" 648
"E:/GameJam2/GameJam2/Content/StarterContent/Particles/P_Smoke.uasset" 649
"E:/GameJam2/GameJam2/Content/StarterContent/Blueprints/Blueprint_Effect_Smoke.uasset" 650
"E:/GameJam2/GameJam2/Content/StarterContent/Audio/Fire_Sparks01_Cue.uasset" 651
"E:/GameJam2/GameJam2/Content/StarterContent/Textures/T_Spark_Core.uasset" 652
"E:/GameJam2/GameJam2/Content/StarterContent/Particles/Materials/M_Spark.uasset" 653
"E:/GameJam2/GameJam2/Content/StarterContent/Particles/P_Sparks.uasset" 654
"E:/GameJam2/GameJam2/Content/StarterContent/Blueprints/Blueprint_Effect_Sparks.uasset" 655
"E:/GameJam2/GameJam2/Content/StarterContent/Audio/Steam01_Cue.uasset" 656
"E:/GameJam2/GameJam2/Content/StarterContent/Particles/P_Steam_Lit.uasset" 657
"E:/GameJam2/GameJam2/Content/StarterContent/Blueprints/Blueprint_Effect_Steam.uasset" 658
"E:/GameJam2/GameJam2/Content/StarterContent/Textures/T_Lamp_M.uasset" 659
"E:/GameJam2/GameJam2/Content/StarterContent/Textures/T_Lamp_N.uasset" 660
"E:/GameJam2/GameJam2/Content/StarterContent/Props/Materials/M_Lamp.uasset" 661
"E:/GameJam2/GameJam2/Content/StarterContent/Props/SM_Lamp_Ceiling.uasset" 662
"E:/GameJam2/GameJam2/Content/StarterContent/Blueprints/Blueprint_CeilingLight.uasset" 663
"E:/GameJam2/GameJam2/Content/StarterContent/Props/SM_Lamp_Wall.uasset" 664
"E:/GameJam2/GameJam2/Content/StarterContent/Blueprints/Blueprint_WallSconce.uasset" 665
"E:/GameJam2/GameJam2/Content/StarterContent/Maps/StarterMap_BuiltData.uasset" 666
"../../../Engine/Content/Functions/Engine_MaterialFunctions03/Procedurals/ComputeFilterWidth.uasset" 667
"../../../Engine/Content/EngineMaterials/AntiAliasedTextMaterialTranslucent.uasset" 668
"E:/GameJam2/GameJam2/Content/StarterContent/Textures/T_Brick_Clay_Beveled_D.uasset" 669
"E:/GameJam2/GameJam2/Content/StarterContent/Textures/T_Brick_Clay_Beveled_M.uasset" 670
"E:/GameJam2/GameJam2/Content/StarterContent/Textures/T_Brick_Clay_Beveled_N.uasset" 671
"E:/GameJam2/GameJam2/Content/StarterContent/Materials/M_Brick_Clay_Beveled.uasset" 672
"E:/GameJam2/GameJam2/Content/StarterContent/Textures/T_Brick_Clay_New_D.uasset" 673
"E:/GameJam2/GameJam2/Content/StarterContent/Textures/T_Brick_Clay_New_M.uasset" 674
"E:/GameJam2/GameJam2/Content/StarterContent/Textures/T_Brick_Clay_New_N.uasset" 675
"E:/GameJam2/GameJam2/Content/StarterContent/Materials/M_Brick_Clay_New.uasset" 676
"E:/GameJam2/GameJam2/Content/StarterContent/Textures/T_Brick_Clay_Old_D.uasset" 677
"E:/GameJam2/GameJam2/Content/StarterContent/Textures/T_Brick_Clay_Old_N.uasset" 678
"E:/GameJam2/GameJam2/Content/StarterContent/Textures/T_Perlin_Noise_M.uasset" 679
"E:/GameJam2/GameJam2/Content/StarterContent/Materials/M_Brick_Clay_Old.uasset" 680
"E:/GameJam2/GameJam2/Content/StarterContent/Textures/T_Brick_Cut_Stone_D.uasset" 681
"E:/GameJam2/GameJam2/Content/StarterContent/Textures/T_Brick_Cut_Stone_N.uasset" 682
"E:/GameJam2/GameJam2/Content/StarterContent/Materials/M_Brick_Cut_Stone.uasset" 683
"E:/GameJam2/GameJam2/Content/StarterContent/Textures/T_Brick_Hewn_Stone_D.uasset" 684
"E:/GameJam2/GameJam2/Content/StarterContent/Textures/T_Brick_Hewn_Stone_M.uasset" 685
"E:/GameJam2/GameJam2/Content/StarterContent/Textures/T_Brick_Hewn_Stone_N.uasset" 686
"E:/GameJam2/GameJam2/Content/StarterContent/Materials/M_Brick_Hewn_Stone.uasset" 687
"E:/GameJam2/GameJam2/Content/StarterContent/Textures/T_Ceramic_Tile_M.uasset" 688
"E:/GameJam2/GameJam2/Content/StarterContent/Textures/T_Ceramic_Tile_N.uasset" 689
"E:/GameJam2/GameJam2/Content/StarterContent/Textures/T_Rock_Marble_Polished_D.uasset" 690
"E:/GameJam2/GameJam2/Content/StarterContent/Materials/M_Ceramic_Tile_Checker.uasset" 691
"E:/GameJam2/GameJam2/Content/StarterContent/Textures/T_CobbleStone_Pebble_D.uasset" 692
"E:/GameJam2/GameJam2/Content/StarterContent/Textures/T_CobbleStone_Pebble_M.uasset" 693
"E:/GameJam2/GameJam2/Content/StarterContent/Textures/T_CobbleStone_Pebble_N.uasset" 694
"E:/GameJam2/GameJam2/Content/StarterContent/Materials/M_CobbleStone_Pebble.uasset" 695
"E:/GameJam2/GameJam2/Content/StarterContent/Textures/T_CobbleStone_Rough_D.uasset" 696
"E:/GameJam2/GameJam2/Content/StarterContent/Textures/T_CobbleStone_Rough_N.uasset" 697
"E:/GameJam2/GameJam2/Content/StarterContent/Textures/T_Gradinet_01.uasset" 698
"E:/GameJam2/GameJam2/Content/StarterContent/Textures/T_Rock_Smooth_Granite_D.uasset" 699
"E:/GameJam2/GameJam2/Content/StarterContent/Materials/M_CobbleStone_Rough.uasset" 700
"E:/GameJam2/GameJam2/Content/StarterContent/Textures/T_CobbleStone_Smooth_D.uasset" 701
"E:/GameJam2/GameJam2/Content/StarterContent/Textures/T_CobbleStone_Smooth_M.uasset" 702
"E:/GameJam2/GameJam2/Content/StarterContent/Textures/T_CobbleStone_Smooth_N.uasset" 703
"E:/GameJam2/GameJam2/Content/StarterContent/Materials/M_CobbleStone_Smooth.uasset" 704
"E:/GameJam2/GameJam2/Content/StarterContent/Textures/T_Concrete_Grime_D.uasset" 705
"E:/GameJam2/GameJam2/Content/StarterContent/Textures/T_Metal_Rust_N.uasset" 706
"E:/GameJam2/GameJam2/Content/StarterContent/Materials/M_Concrete_Grime.uasset" 707
"E:/GameJam2/GameJam2/Content/StarterContent/Textures/T_Concrete_Panels_D.uasset" 708
"E:/GameJam2/GameJam2/Content/StarterContent/Textures/T_Concrete_Panels_N.uasset" 709
"E:/GameJam2/GameJam2/Content/StarterContent/Materials/M_Concrete_Panels.uasset" 710
"E:/GameJam2/GameJam2/Content/StarterContent/Textures/T_Concrete_Poured_D.uasset" 711
"E:/GameJam2/GameJam2/Content/StarterContent/Textures/T_Concrete_Poured_N.uasset" 712
"E:/GameJam2/GameJam2/Content/StarterContent/Materials/M_Concrete_Poured.uasset" 713
"E:/GameJam2/GameJam2/Content/StarterContent/Textures/T_Concrete_Tiles_D.uasset" 714
"E:/GameJam2/GameJam2/Content/StarterContent/Textures/T_Concrete_Tiles_M.uasset" 715
"E:/GameJam2/GameJam2/Content/StarterContent/Textures/T_Concrete_Tiles_N.uasset" 716
"E:/GameJam2/GameJam2/Content/StarterContent/Textures/T_Concrete_Tiles_Variation_M.uasset" 717
"E:/GameJam2/GameJam2/Content/StarterContent/Materials/M_Concrete_Tiles.uasset" 718
"E:/GameJam2/GameJam2/Content/StarterContent/Textures/T_Ground_Grass_D.uasset" 719
"E:/GameJam2/GameJam2/Content/StarterContent/Textures/T_Ground_Grass_N.uasset" 720
"E:/GameJam2/GameJam2/Content/StarterContent/Materials/M_Ground_Grass.uasset" 721
"E:/GameJam2/GameJam2/Content/StarterContent/Textures/T_Ground_Gravel_D.uasset" 722
"E:/GameJam2/GameJam2/Content/StarterContent/Textures/T_Ground_Gravel_N.uasset" 723
"E:/GameJam2/GameJam2/Content/StarterContent/Materials/M_Ground_Gravel.uasset" 724
"E:/GameJam2/GameJam2/Content/StarterContent/Textures/T_ground_Moss_D.uasset" 725
"E:/GameJam2/GameJam2/Content/StarterContent/Textures/T_Ground_Moss_N.uasset" 726
"E:/GameJam2/GameJam2/Content/StarterContent/Materials/M_Ground_Moss.uasset" 727
"E:/GameJam2/GameJam2/Content/StarterContent/Materials/M_Metal_Chrome.uasset" 728
"E:/GameJam2/GameJam2/Content/StarterContent/Textures/T_Metal_Gold_D.uasset" 729
"E:/GameJam2/GameJam2/Content/StarterContent/Materials/M_Metal_Gold.uasset" 730
"E:/GameJam2/GameJam2/Content/StarterContent/Textures/T_Metal_Rust_D.uasset" 731
"E:/GameJam2/GameJam2/Content/StarterContent/Materials/M_Metal_Rust.uasset" 732
"E:/GameJam2/GameJam2/Content/StarterContent/Textures/T_Metal_Steel_D.uasset" 733
"E:/GameJam2/GameJam2/Content/StarterContent/Textures/T_Metal_Steel_N.uasset" 734
"E:/GameJam2/GameJam2/Content/StarterContent/Materials/M_Metal_Steel.uasset" 735
"E:/GameJam2/GameJam2/Content/StarterContent/Textures/T_Rock_Basalt_N.uasset" 736
"E:/GameJam2/GameJam2/Content/StarterContent/Materials/M_Rock_Basalt.uasset" 737
"E:/GameJam2/GameJam2/Content/StarterContent/Materials/M_Rock_Marble_Polished.uasset" 738
"E:/GameJam2/GameJam2/Content/StarterContent/Textures/T_Rock_Sandstone_D.uasset" 739
"E:/GameJam2/GameJam2/Content/StarterContent/Textures/T_Rock_Sandstone_N.uasset" 740
"E:/GameJam2/GameJam2/Content/StarterContent/Materials/M_Rock_Sandstone.uasset" 741
"E:/GameJam2/GameJam2/Content/StarterContent/Textures/T_Rock_Slate_D.uasset" 742
"E:/GameJam2/GameJam2/Content/StarterContent/Textures/T_Rock_Slate_N.uasset" 743
"E:/GameJam2/GameJam2/Content/StarterContent/Materials/M_Rock_Slate.uasset" 744
"E:/GameJam2/GameJam2/Content/StarterContent/Textures/T_Checker_Noise_M.uasset" 745
"E:/GameJam2/GameJam2/Content/StarterContent/Textures/T_Single_Tile_N.uasset" 746
"E:/GameJam2/GameJam2/Content/StarterContent/Textures/T_Tech_Dot_M.uasset" 747
"E:/GameJam2/GameJam2/Content/StarterContent/Textures/T_Tech_Dot_N.uasset" 748
"E:/GameJam2/GameJam2/Content/StarterContent/Materials/M_Tech_Checker_Dot.uasset" 749
"E:/GameJam2/GameJam2/Content/StarterContent/Textures/T_Tech_Hex_Tile_M.uasset" 750
"E:/GameJam2/GameJam2/Content/StarterContent/Textures/T_Tech_Hex_Tile_N.uasset" 751
"E:/GameJam2/GameJam2/Content/StarterContent/Materials/M_Tech_Hex_Tile.uasset" 752
"E:/GameJam2/GameJam2/Content/StarterContent/Materials/M_Tech_Hex_Tile_Pulse.uasset" 753
"E:/GameJam2/GameJam2/Content/StarterContent/Textures/T_Tech_Panel_M.uasset" 754
"E:/GameJam2/GameJam2/Content/StarterContent/Textures/T_Tech_Panel_N.uasset" 755
"E:/GameJam2/GameJam2/Content/StarterContent/Materials/M_Tech_Panel.uasset" 756
"E:/GameJam2/GameJam2/Content/StarterContent/Materials/M_Water_Lake.uasset" 757
"E:/GameJam2/GameJam2/Content/StarterContent/Textures/T_Water_M.uasset" 758
"E:/GameJam2/GameJam2/Content/StarterContent/Materials/M_Water_Ocean.uasset" 759
"E:/GameJam2/GameJam2/Content/StarterContent/Textures/T_Wood_Floor_Walnut_D.uasset" 760
"E:/GameJam2/GameJam2/Content/StarterContent/Textures/T_Wood_Floor_Walnut_M.uasset" 761
"E:/GameJam2/GameJam2/Content/StarterContent/Textures/T_Wood_Floor_Walnut_N.uasset" 762
"E:/GameJam2/GameJam2/Content/StarterContent/Materials/M_Wood_Floor_Walnut_Polished.uasset" 763
"../../../Engine/Content/Functions/Engine_MaterialFunctions01/Opacity/AlphaOffset.uasset" 764
"E:/GameJam2/GameJam2/Content/StarterContent/Materials/M_Wood_Floor_Walnut_Worn.uasset" 765
"E:/GameJam2/GameJam2/Content/StarterContent/Textures/T_Wood_Oak_D.uasset" 766
"E:/GameJam2/GameJam2/Content/StarterContent/Textures/T_Wood_Oak_N.uasset" 767
"E:/GameJam2/GameJam2/Content/StarterContent/Materials/M_Wood_Oak.uasset" 768
"E:/GameJam2/GameJam2/Content/StarterContent/Textures/T_Wood_Pine_D.uasset" 769
"E:/GameJam2/GameJam2/Content/StarterContent/Textures/T_Wood_Pine_N.uasset" 770
"E:/GameJam2/GameJam2/Content/StarterContent/Materials/M_Wood_Pine.uasset" 771
"E:/GameJam2/GameJam2/Content/StarterContent/Textures/T_Wood_Walnut_D.uasset" 772
"E:/GameJam2/GameJam2/Content/StarterContent/Textures/T_Wood_Walnut_N.uasset" 773
"E:/GameJam2/GameJam2/Content/StarterContent/Materials/M_Wood_Walnut.uasset" 774
"E:/GameJam2/GameJam2/Content/StarterContent/Architecture/Wall_400x200.uasset" 775
"E:/GameJam2/GameJam2/Content/StarterContent/Architecture/Wall_Door_400x300.uasset" 776
"E:/GameJam2/GameJam2/Content/StarterContent/Architecture/Wall_Window_400x300.uasset" 777
"E:/GameJam2/GameJam2/Content/StarterContent/Audio/Collapse_Cue.uasset" 778
"E:/GameJam2/GameJam2/Content/StarterContent/Audio/Starter_Music_Cue.uasset" 779
"E:/GameJam2/GameJam2/Content/StarterContent/Textures/T_Dust_Particle_D.uasset" 780
"E:/GameJam2/GameJam2/Content/StarterContent/Particles/Materials/M_Dust_Particle.uasset" 781
"E:/GameJam2/GameJam2/Content/StarterContent/Particles/P_Ambient_Dust.uasset" 782
"E:/GameJam2/GameJam2/Content/StarterContent/Props/MaterialSphere.uasset" 783
"E:/GameJam2/GameJam2/Content/StarterContent/Textures/T_Frame_M.uasset" 784
"E:/GameJam2/GameJam2/Content/StarterContent/Textures/T_Frame_N.uasset" 785
"E:/GameJam2/GameJam2/Content/StarterContent/Props/Materials/M_Frame.uasset" 786
"E:/GameJam2/GameJam2/Content/StarterContent/Props/SM_CornerFrame.uasset" 787
"E:/GameJam2/GameJam2/Content/StarterContent/Props/SM_DoorFrame.uasset" 788
"E:/GameJam2/GameJam2/Content/StarterContent/Props/SM_GlassWindow.uasset" 789
"E:/GameJam2/GameJam2/Content/StarterContent/Props/SM_PillarFrame.uasset" 790
"E:/GameJam2/GameJam2/Content/StarterContent/Props/SM_PillarFrame300.uasset" 791
"E:/GameJam2/GameJam2/Content/StarterContent/Props/SM_WindowFrame.uasset" 792
"E:/GameJam2/GameJam2/Content/StarterContent/Shapes/Shape_Cube.uasset" 793
"E:/GameJam2/GameJam2/Content/StarterContent/Shapes/Shape_QuadPyramid.uasset" 794
"E:/GameJam2/GameJam2/Content/StarterContent/Maps/StarterMap.umap" 795
"E:/GameJam2/GameJam2/Content/UI/CharacterSelectionScreen/Textures/OptionsTitle.uasset" 796
"E:/GameJam2/GameJam2/Content/UI/CharacterSelectionScreen/Textures/ReturnToMainMenuButton.uasset" 797
"E:/GameJam2/GameJam2/Content/UI/CharacterSelectionScreen/Textures/ShipCustomisationButton.uasset" 798
"E:/GameJam2/GameJam2/Content/UI/CharacterSelectionScreen/Textures/TogglefullscreenButton.uasset" 799
"E:/GameJam2/GameJam2/Content/UI/CharacterSelectionScreen/CharacterSelectionScreen.uasset" 800
"E:/GameJam2/GameJam2/Content/UI/CharacterSelectionScreen/MenuSpawner/OptionsMenuGameMode.uasset" 801
"E:/GameJam2/GameJam2/Content/UI/CharacterSelectionScreen/OptionsScreen_BuiltData.uasset" 802
"E:/GameJam2/GameJam2/Content/UI/CharacterSelectionScreen/OptionsScreen.umap" 803
"../../../Engine/Content/Maps/Entry_BuiltData.uasset" 804
"../../../Engine/Content/Maps/Entry.umap" 805
